<?xml version="1.0" encoding="utf-8"?><testsuites name="pytest tests"><testsuite name="pytest" errors="0" failures="0" skipped="0" tests="14" time="4.449" timestamp="2026-01-31T09:52:19.863872+00:00" hostname="agent-env-5730391f-60eb-49b0-8bad-6b8b0929f6c0"><testcase classname="backend.tests.test_api.TestAuthEndpoints" name="test_admin_login_success" time="0.349" /><testcase classname="backend.tests.test_api.TestAuthEndpoints" name="test_login_invalid_credentials" time="0.040" /><testcase classname="backend.tests.test_api.TestMicroservicesEndpoints" name="test_get_microservices" time="0.042" /><testcase classname="backend.tests.test_api.TestEnvironmentsEndpoints" name="test_get_environments" time="0.041" /><testcase classname="backend.tests.test_api.TestWorkItemsEndpoints" name="test_create_work_item_with_temp_branch_default_on" time="0.389" /><testcase classname="backend.tests.test_api.TestWorkItemsEndpoints" name="test_create_work_item_with_can_temp_with_qa" time="0.381" /><testcase classname="backend.tests.test_api.TestWorkItemsEndpoints" name="test_get_work_items" time="0.301" /><testcase classname="backend.tests.test_api.TestAssignmentGeneration" name="test_generate_assignments_endpoint" time="0.301" /><testcase classname="backend.tests.test_api.TestAssignmentGeneration" name="test_get_assignments" time="0.302" /><testcase classname="backend.tests.test_api.TestAssignmentGeneration" name="test_assignment_result_structure" time="0.467" /><testcase classname="backend.tests.test_api.TestCrossTeamTempBranching" name="test_cross_team_qa_temp_branching_scenario" time="0.519" /><testcase classname="backend.tests.test_api.TestSameTeamTempBranching" name="test_same_team_temp_branch_sharing" time="0.558" /><testcase classname="backend.tests.test_api.TestWaitingListEnglishText" name="test_waiting_list_english_text" time="0.298" /><testcase classname="backend.tests.test_api.TestDeleteAssignments" name="test_delete_assignments_response" time="0.341" /></testsuite></testsuites>